<?xml version="1.0" encoding="UTF-8"?>
<testsuite name="com.example.fitnessapp.domain.progress.ProgressPredictionCalculatorTest" tests="10" skipped="0" failures="0" errors="0" timestamp="2026-05-17T19:14:44.117Z" hostname="DESKTOP-CPAIOAE" time="0.039">
  <properties/>
  <testcase name="intermediate in deficit with sufficient protein" classname="com.example.fitnessapp.domain.progress.ProgressPredictionCalculatorTest" time="0.022"/>
  <testcase name="newbie in surplus with sufficient protein" classname="com.example.fitnessapp.domain.progress.ProgressPredictionCalculatorTest" time="0.0"/>
  <testcase name="standard optimized user should have high potential label" classname="com.example.fitnessapp.domain.progress.ProgressPredictionCalculatorTest" time="0.0"/>
  <testcase name="verify optimized and missing factors identification" classname="com.example.fitnessapp.domain.progress.ProgressPredictionCalculatorTest" time="0.0"/>
  <testcase name="older user with sufficient vs insufficient protein" classname="com.example.fitnessapp.domain.progress.ProgressPredictionCalculatorTest" time="0.0"/>
  <testcase name="returning lifter below previous peak" classname="com.example.fitnessapp.domain.progress.ProgressPredictionCalculatorTest" time="0.0"/>
  <testcase name="low protein case" classname="com.example.fitnessapp.domain.progress.ProgressPredictionCalculatorTest" time="0.001"/>
  <testcase name="user specific scenario from issue" classname="com.example.fitnessapp.domain.progress.ProgressPredictionCalculatorTest" time="0.0"/>
  <testcase name="prediction with historical progress bonus" classname="com.example.fitnessapp.domain.progress.ProgressPredictionCalculatorTest" time="0.013"/>
  <testcase name="advanced lifter with optimized nutrition should have high potential label" classname="com.example.fitnessapp.domain.progress.ProgressPredictionCalculatorTest" time="0.0"/>
  <system-out><![CDATA[]]></system-out>
  <system-err><![CDATA[]]></system-err>
</testsuite>
